<?xml version="1.0" encoding="UTF-8"?>
<testng-results ignored="0" total="6" passed="6" failed="0" skipped="0">
  <reporter-output>
  </reporter-output>
  <suite started-at="2022-07-08T17:44:26 PKT" name="Default suite" finished-at="2022-07-08T17:44:26 PKT" duration-ms="587">
    <groups>
    </groups>
    <test started-at="2022-07-08T17:44:26 PKT" name="Default test" finished-at="2022-07-08T17:44:26 PKT" duration-ms="587">
      <class name="TestCases.ExcelTestNewlib">
        <test-method signature="TestCase1()[pri:1, instance:TestCases.ExcelTestNewlib@4fbda97b]" started-at="2022-07-08T17:44:26 PKT" name="TestCase1" finished-at="2022-07-08T17:44:26 PKT" duration-ms="12" status="PASS">
          <reporter-output>
          </reporter-output>
        </test-method> <!-- TestCase1 -->
        <test-method signature="TestCase2()[pri:2, instance:TestCases.ExcelTestNewlib@4fbda97b]" started-at="2022-07-08T17:44:26 PKT" name="TestCase2" finished-at="2022-07-08T17:44:26 PKT" duration-ms="37" status="PASS">
          <reporter-output>
          </reporter-output>
        </test-method> <!-- TestCase2 -->
        <test-method signature="TestCase3()[pri:3, instance:TestCases.ExcelTestNewlib@4fbda97b]" started-at="2022-07-08T17:44:26 PKT" name="TestCase3" finished-at="2022-07-08T17:44:26 PKT" duration-ms="2" status="PASS">
          <reporter-output>
          </reporter-output>
        </test-method> <!-- TestCase3 -->
        <test-method signature="TestCase4()[pri:4, instance:TestCases.ExcelTestNewlib@4fbda97b]" started-at="2022-07-08T17:44:26 PKT" name="TestCase4" finished-at="2022-07-08T17:44:26 PKT" duration-ms="412" status="PASS">
          <reporter-output>
          </reporter-output>
        </test-method> <!-- TestCase4 -->
        <test-method signature="TestCase5()[pri:5, instance:TestCases.ExcelTestNewlib@4fbda97b]" started-at="2022-07-08T17:44:26 PKT" name="TestCase5" finished-at="2022-07-08T17:44:26 PKT" duration-ms="37" status="PASS">
          <reporter-output>
          </reporter-output>
        </test-method> <!-- TestCase5 -->
        <test-method signature="TestCase6()[pri:6, instance:TestCases.ExcelTestNewlib@4fbda97b]" started-at="2022-07-08T17:44:26 PKT" name="TestCase6" finished-at="2022-07-08T17:44:26 PKT" duration-ms="27" status="PASS">
          <reporter-output>
          </reporter-output>
        </test-method> <!-- TestCase6 -->
      </class> <!-- TestCases.ExcelTestNewlib -->
    </test> <!-- Default test -->
  </suite> <!-- Default suite -->
</testng-results>
