<?xml version="1.0" encoding="UTF-8"?>
<!-- Generated by org.testng.reporters.JUnitXMLReporter -->
<testsuite ignored="0" hostname="DESKTOP-N6F431C" failures="0" tests="6" name="Default test" time="0.587" errors="0" timestamp="2022-07-08T17:44:26 PKT">
  <testcase classname="TestCases.ExcelTestNewlib" name="TestCase1" time="0.012"/>
  <testcase classname="TestCases.ExcelTestNewlib" name="TestCase2" time="0.037"/>
  <testcase classname="TestCases.ExcelTestNewlib" name="TestCase3" time="0.002"/>
  <testcase classname="TestCases.ExcelTestNewlib" name="TestCase4" time="0.412"/>
  <testcase classname="TestCases.ExcelTestNewlib" name="TestCase5" time="0.037"/>
  <testcase classname="TestCases.ExcelTestNewlib" name="TestCase6" time="0.027"/>
</testsuite> <!-- Default test -->
